Hmm ... looks like a package
This is pdfTeXk, Version 3.141592-1.40.3 (Web2C 7.5.6)
 %&-line parsing enabled.
entering extended mode
(./Rd2.tex
LaTeX2e <2005/12/01>
Babel <v3.8h> and hyphenation patterns for english, usenglishmax, dumylang, noh
yphenation, arabic, basque, bulgarian, coptic, welsh, czech, slovak, german, ng
erman, danish, esperanto, spanish, catalan, galician, estonian, farsi, finnish,
 french, greek, monogreek, ancientgreek, croatian, hungarian, interlingua, ibyc
us, indonesian, icelandic, italian, latin, mongolian, dutch, norsk, polish, por
tuguese, pinyin, romanian, russian, slovenian, uppersorbian, serbian, swedish, 
turkish, ukenglish, ukrainian, loaded.

(/usr/share/texmf/tex/latex/base/book.cls
Document Class: book 2005/09/16 v1.4f Standard LaTeX document class
(/usr/share/texmf/tex/latex/base/bk10.clo))
(/usr/local/lib64/R/share/texmf/tex/latex/Rd.sty
(/usr/share/texmf/tex/latex/base/ifthen.sty)
(/usr/share/texmf/tex/latex/tools/longtable.sty)
(/usr/share/texmf/tex/latex/tools/bm.sty)
(/usr/share/texmf/tex/latex/base/alltt.sty)
(/usr/share/texmf/tex/latex/tools/verbatim.sty)
(/usr/share/texmf/tex/latex/ltxmisc/url.sty)
(/usr/local/lib64/R/share/texmf/tex/latex/upquote.sty
(/usr/share/texmf/tex/latex/base/textcomp.sty
(/usr/share/texmf/tex/latex/base/ts1enc.def))) NOT loading ae
(/usr/share/texmf/tex/latex/base/fontenc.sty
(/usr/share/texmf/tex/latex/base/t1enc.def))
(/usr/share/texmf/tex/latex/psnfss/times.sty) NOT loading lmodern
(/usr/share/texmf/tex/latex/graphics/color.sty
(/usr/share/texmf/tex/latex/config/color.cfg)
(/usr/share/texmf/tex/latex/pdftex-def/pdftex.def))
(/usr/share/texmf/tex/latex/hyperref/hyperref.sty
(/usr/share/texmf/tex/latex/graphics/keyval.sty)
(/usr/share/texmf/tex/latex/hyperref/pd1enc.def)
(/usr/share/texmf/tex/latex/config/hyperref.cfg)
(/usr/share/texmf/tex/latex/oberdiek/kvoptions.sty)
Implicit mode ON; LaTeX internals redefined
)
*hyperref using default driver hpdftex*
(/usr/share/texmf/tex/latex/hyperref/hpdftex.def)

Package hyperref Warning: Option `hyperindex' has already been used,
(hyperref)                setting the option has no effect on input line 356.


Package hyperref Warning: Option `pagebackref' has already been used,
(hyperref)                setting the option has no effect on input line 356.

) (/usr/share/texmf/tex/latex/base/makeidx.sty)
(/usr/share/texmf/tex/latex/base/inputenc.sty
(/usr/share/texmf/tex/latex/base/utf8.def
(/usr/share/texmf/tex/latex/base/t1enc.dfu)
(/usr/share/texmf/tex/latex/base/ot1enc.dfu)
(/usr/share/texmf/tex/latex/base/omsenc.dfu)
(/usr/share/texmf/tex/latex/base/ts1enc.dfu))
(/usr/share/texmf/tex/latex/base/latin1.def))
Writing index file Rd2.idx
No file Rd2.aux.
(/usr/share/texmf/tex/latex/base/ts1cmr.fd)
(/usr/share/texmf/tex/latex/psnfss/t1ptm.fd)
(/usr/share/texmf/tex/latex/hyperref/nameref.sty
(/usr/share/texmf/tex/latex/oberdiek/refcount.sty))
(/usr/share/texmf/tex/latex/psnfss/t1pcr.fd)
(/usr/share/texmf/tex/latex/psnfss/t1phv.fd)
(/usr/share/texmf/tex/latex/base/utf8.def) [1{/usr/share/texmf/fonts/map/pdftex
/updmap/pdftex.map}]
Overfull \hbox (263.58014pt too wide) in paragraph at lines 72--72
 []\T1/pcr/m/n/9 #Suppose you have run 3 different EEMD sets of 100 trials each
 and saved the results in eemd1, eemd2, eemd3, respectively:[] 

Overfull \hbox (74.58035pt too wide) in paragraph at lines 76--76
 []\T1/pcr/m/n/9 #Now all your trials should be located in /home/user/all_trial
s, numbered 1 through 300[] 
(/usr/share/texmf/tex/latex/base/utf8.def)
Overfull \hbox (18.78088pt too wide) in paragraph at lines 89--89
 []\T1/pcr/m/n/10 dcb_emd(xt, tt=NULL, tol=sd(xt)*0.1^2, max.sift=20, stoprule=
"type1",[] 

Overfull \hbox (24.78088pt too wide) in paragraph at lines 90--90
 []    \T1/pcr/m/n/10 boundary="periodic", smlevels=c(1), sm="none", spar=NA, w
eight=20,[] 
[2] [3] (/usr/share/texmf/tex/latex/base/utf8.def)
Overfull \hbox (12.78088pt too wide) in paragraph at lines 174--174
 []\T1/pcr/m/n/10 dcb_extractimf(residue, tt=NULL, tol=sd(residue)*0.1^2, max.s
ift=20,[] 
[4]
Overfull \hbox (68.48979pt too wide) in paragraph at lines 209--210
[]\T1/ptm/m/n/10 Donghoh Kim \T1/pcr/m/n/10 <donghoh.kim@gmail.com>\T1/ptm/m/n/
10 , Hee-Seok Oh, Daniel Bow-man \T1/pcr/m/n/10 <daniel.bowman@unc.edu> 
(/usr/share/texmf/tex/latex/base/utf8.def) [5]
(/usr/share/texmf/tex/latex/base/utf8.def)
Overfull \hbox (6.78088pt too wide) in paragraph at lines 271--271
 []\T1/pcr/m/n/10 eemd(sig, dt, trials, nimf, noise_amp, emd_config, trials_dir
=NULL)[] 
(/usr/share/texmf/tex/latex/psnfss/ts1ptm.fd) [6]
Overfull \hbox (4.38043pt too wide) in paragraph at lines 351--351
 []\T1/pcr/m/n/9 ## Not run: eemd(sig, dt, trials, nimf, noise_amp, emd_config,
 trials_dir)[] 
(/usr/share/texmf/tex/latex/base/utf8.def) [7]
Overfull \hbox (32.61868pt too wide) in paragraph at lines 387--391
\T1/ptm/m/n/10 and [][]\T1/pcr/m/n/10 hhspec_image[][][]\T1/ptm/m/n/10 . The av
-er-aged IMF set from \T1/pcr/m/n/10 eemd_compile \T1/ptm/m/n/10 can be re-sift
ed us-ing [][]\T1/pcr/m/n/10 eemd_resift[][][]\T1/ptm/m/n/10 . 
[8]
Overfull \hbox (4.38043pt too wide) in paragraph at lines 429--429
 []\T1/pcr/m/n/9 ## Not run: eemd(sig, dt, trials, nimf, noise_amp, emd_config,
 trials_dir)[] 
(/usr/share/texmf/tex/latex/base/utf8.def) [9] [10]
Overfull \hbox (4.38043pt too wide) in paragraph at lines 534--534
 []\T1/pcr/m/n/9 ## Not run: eemd(sig, dt, trials, nimf, noise_amp, emd_config,
 trials_dir)[] 

Overfull \hbox (9.78043pt too wide) in paragraph at lines 541--541
 []\T1/pcr/m/n/9 ## Not run: resift_result=eemd_resift(eemd_result, emd_config,
 resift_rule)[] 
(/usr/share/texmf/tex/latex/base/utf8.def) [11]
(/usr/share/texmf/tex/latex/base/utf8.def)
Overfull \hbox (30.13731pt too wide) in paragraph at lines 626--629
[]\T1/ptm/m/n/10 This func-tion dis-plays a Fourier spec-tro-gram us-ing the sa
me plot struc-ture and op-tions as [][]\T1/pcr/m/n/10 hhspec_image[][][]\T1/ptm
/m/n/10 .

Overfull \hbox (42.78088pt too wide) in paragraph at lines 633--633
 []\T1/pcr/m/n/10 ftspec_image(sig, dt, ft, time_span, freq_span, amp_span, amp
_units=NULL,[] 

Overfull \hbox (12.78088pt too wide) in paragraph at lines 634--634
 []     \T1/pcr/m/n/10 amp_unit_conversion=NULL, taper=0.05, grid=TRUE, colorba
r=TRUE,[] 

Overfull \hbox (12.78088pt too wide) in paragraph at lines 635--635
 []     \T1/pcr/m/n/10 backcol=c(0, 0, 0), colormap=NULL, pretty=TRUE, cex=1, m
ain="")[] 
[12]
Overfull \hbox (114.18835pt too wide) in paragraph at lines 660--661
[]\T1/ptm/m/n/10 What palette ob-ject to use for the spec-tro-gram, de-faults t
o \T1/pcr/m/n/10 rainbow(colorbins,start=0,end=5/6) 
(/usr/share/texmf/tex/latex/base/utf8.def) [13]
Overfull \hbox (24.78088pt too wide) in paragraph at lines 710--710
 []\T1/pcr/m/n/10 hhspec_image(hspec, time_span, freq_span, amp_span, cluster_s
pan=NULL,[] 

Overfull \hbox (6.78088pt too wide) in paragraph at lines 711--711
 []\T1/pcr/m/n/10 amp_units=NULL, amp_unit_conversion=NULL, grid=TRUE, colorbar
=TRUE,[] 

Overfull \hbox (114.18835pt too wide) in paragraph at lines 729--730
[]\T1/ptm/m/n/10 What palette ob-ject to use for the spec-tro-gram, de-faults t
o \T1/pcr/m/n/10 rainbow(colorbins,start=0,end=5/6) 
[14]
Overfull \hbox (4.38043pt too wide) in paragraph at lines 782--782
 []\T1/pcr/m/n/9 ## Not run: eemd(sig, dt, trials, nimf, noise_amp, emd_config,
 trials_dir)[] 
(/usr/share/texmf/tex/latex/base/utf8.def) [15] [16]
(/usr/share/texmf/tex/latex/base/utf8.def)
Overfull \hbox (30.31982pt too wide) in paragraph at lines 891--892
[]\T1/ptm/m/n/10 This is the out-put gen-er-ated by [][]\T1/pcr/m/n/10 eemd_com
pile[][][]\T1/ptm/m/n/10 , [][]\T1/pcr/m/n/10 eemd_resift[][][]\T1/ptm/m/n/10 ,
 or [][]\T1/pcr/m/n/10 hhtransform[][][]\T1/ptm/m/n/10 . 
[17]
Overfull \hbox (4.38043pt too wide) in paragraph at lines 950--950
 []\T1/pcr/m/n/9 ## Not run: eemd(sig, dt, trials, nimf, noise_amp, emd_config,
 trials_dir)[] 
(/usr/share/texmf/tex/latex/base/utf8.def) [18] [19]
Overfull \hbox (25.98041pt too wide) in paragraph at lines 1045--1045
 []\T1/pcr/m/n/9 plot_imfs(emd_result, time_span, imf_list, original_signal, re
sidue, fit_line)[] 
(/usr/share/texmf/tex/latex/base/utf8.def)
(/usr/share/texmf/tex/latex/base/utf8.def) [20]
Overfull \hbox (19.97913pt too wide) in paragraph at lines 1112--1113
[]\T1/ptm/m/n/10 A data struc-ture for in-put into [][]\T1/pcr/m/n/10 eemd_comp
ile[][][]\T1/ptm/m/n/10 , [][]\T1/pcr/m/n/10 plot_imfs[][][]\T1/ptm/m/n/10 , an
d [][]\T1/pcr/m/n/10 hhtransform[][][]\T1/ptm/m/n/10 . 
[21]
No file Rd2.ind.
[22] (./Rd2.aux) )
(see the transcript file for additional information){/usr/share/texmf/fonts/enc
/dvips/base/8r.enc}</usr/share/texmf/fonts/type1/urw/courier/ucrr8a.pfb></usr/s
hare/texmf/fonts/type1/urw/helvetic/uhvr8a.pfb></usr/share/texmf/fonts/type1/ur
w/times/utmb8a.pfb></usr/share/texmf/fonts/type1/urw/times/utmr8a.pfb></usr/sha
re/texmf/fonts/type1/urw/times/utmr8a.pfb></usr/share/texmf/fonts/type1/urw/tim
es/utmri8a.pfb>
Output written on Rd2.pdf (22 pages, 155974 bytes).
Transcript written on Rd2.log.
This is makeindex, version 2.14 [02-Oct-2002] (kpathsea + Thai support).
Scanning input file Rd2.idx....done (91 entries accepted, 0 rejected).
Sorting entries....done (616 comparisons).
Generating output file Rd2.ind....done (57 lines written, 1 warning).
Output written in Rd2.ind.
Transcript written in Rd2.ilg.
This is pdfTeXk, Version 3.141592-1.40.3 (Web2C 7.5.6)
 %&-line parsing enabled.
entering extended mode
(./Rd2.tex
LaTeX2e <2005/12/01>
Babel <v3.8h> and hyphenation patterns for english, usenglishmax, dumylang, noh
yphenation, arabic, basque, bulgarian, coptic, welsh, czech, slovak, german, ng
erman, danish, esperanto, spanish, catalan, galician, estonian, farsi, finnish,
 french, greek, monogreek, ancientgreek, croatian, hungarian, interlingua, ibyc
us, indonesian, icelandic, italian, latin, mongolian, dutch, norsk, polish, por
tuguese, pinyin, romanian, russian, slovenian, uppersorbian, serbian, swedish, 
turkish, ukenglish, ukrainian, loaded.

(/usr/share/texmf/tex/latex/base/book.cls
Document Class: book 2005/09/16 v1.4f Standard LaTeX document class
(/usr/share/texmf/tex/latex/base/bk10.clo))
(/usr/local/lib64/R/share/texmf/tex/latex/Rd.sty
(/usr/share/texmf/tex/latex/base/ifthen.sty)
(/usr/share/texmf/tex/latex/tools/longtable.sty)
(/usr/share/texmf/tex/latex/tools/bm.sty)
(/usr/share/texmf/tex/latex/base/alltt.sty)
(/usr/share/texmf/tex/latex/tools/verbatim.sty)
(/usr/share/texmf/tex/latex/ltxmisc/url.sty)
(/usr/local/lib64/R/share/texmf/tex/latex/upquote.sty
(/usr/share/texmf/tex/latex/base/textcomp.sty
(/usr/share/texmf/tex/latex/base/ts1enc.def))) NOT loading ae
(/usr/share/texmf/tex/latex/base/fontenc.sty
(/usr/share/texmf/tex/latex/base/t1enc.def))
(/usr/share/texmf/tex/latex/psnfss/times.sty) NOT loading lmodern
(/usr/share/texmf/tex/latex/graphics/color.sty
(/usr/share/texmf/tex/latex/config/color.cfg)
(/usr/share/texmf/tex/latex/pdftex-def/pdftex.def))
(/usr/share/texmf/tex/latex/hyperref/hyperref.sty
(/usr/share/texmf/tex/latex/graphics/keyval.sty)
(/usr/share/texmf/tex/latex/hyperref/pd1enc.def)
(/usr/share/texmf/tex/latex/config/hyperref.cfg)
(/usr/share/texmf/tex/latex/oberdiek/kvoptions.sty)
Implicit mode ON; LaTeX internals redefined
)
*hyperref using default driver hpdftex*
(/usr/share/texmf/tex/latex/hyperref/hpdftex.def)

Package hyperref Warning: Option `hyperindex' has already been used,
(hyperref)                setting the option has no effect on input line 356.


Package hyperref Warning: Option `pagebackref' has already been used,
(hyperref)                setting the option has no effect on input line 356.

) (/usr/share/texmf/tex/latex/base/makeidx.sty)
(/usr/share/texmf/tex/latex/base/inputenc.sty
(/usr/share/texmf/tex/latex/base/utf8.def
(/usr/share/texmf/tex/latex/base/t1enc.dfu)
(/usr/share/texmf/tex/latex/base/ot1enc.dfu)
(/usr/share/texmf/tex/latex/base/omsenc.dfu)
(/usr/share/texmf/tex/latex/base/ts1enc.dfu))
(/usr/share/texmf/tex/latex/base/latin1.def))
Writing index file Rd2.idx
(./Rd2.aux) (/usr/share/texmf/tex/latex/base/ts1cmr.fd)
(/usr/share/texmf/tex/latex/psnfss/t1ptm.fd)
(/usr/share/texmf/tex/latex/hyperref/nameref.sty
(/usr/share/texmf/tex/latex/oberdiek/refcount.sty)) (./Rd2.out) (./Rd2.out)
(/usr/share/texmf/tex/latex/psnfss/t1pcr.fd)
(/usr/share/texmf/tex/latex/psnfss/t1phv.fd) (./Rd2.toc)
(/usr/share/texmf/tex/latex/base/utf8.def) [1{/usr/share/texmf/fonts/map/pdftex
/updmap/pdftex.map}]
Overfull \hbox (263.58014pt too wide) in paragraph at lines 72--72
 []\T1/pcr/m/n/9 #Suppose you have run 3 different EEMD sets of 100 trials each
 and saved the results in eemd1, eemd2, eemd3, respectively:[] 

Overfull \hbox (74.58035pt too wide) in paragraph at lines 76--76
 []\T1/pcr/m/n/9 #Now all your trials should be located in /home/user/all_trial
s, numbered 1 through 300[] 
(/usr/share/texmf/tex/latex/base/utf8.def)
Overfull \hbox (18.78088pt too wide) in paragraph at lines 89--89
 []\T1/pcr/m/n/10 dcb_emd(xt, tt=NULL, tol=sd(xt)*0.1^2, max.sift=20, stoprule=
"type1",[] 
[2]
Overfull \hbox (24.78088pt too wide) in paragraph at lines 90--90
 []    \T1/pcr/m/n/10 boundary="periodic", smlevels=c(1), sm="none", spar=NA, w
eight=20,[] 
[3] (/usr/share/texmf/tex/latex/base/utf8.def)
Overfull \hbox (12.78088pt too wide) in paragraph at lines 174--174
 []\T1/pcr/m/n/10 dcb_extractimf(residue, tt=NULL, tol=sd(residue)*0.1^2, max.s
ift=20,[] 
[4]
Overfull \hbox (68.48979pt too wide) in paragraph at lines 209--210
[]\T1/ptm/m/n/10 Donghoh Kim \T1/pcr/m/n/10 <donghoh.kim@gmail.com>\T1/ptm/m/n/
10 , Hee-Seok Oh, Daniel Bow-man \T1/pcr/m/n/10 <daniel.bowman@unc.edu> 
(/usr/share/texmf/tex/latex/base/utf8.def) [5]
(/usr/share/texmf/tex/latex/base/utf8.def)
Overfull \hbox (6.78088pt too wide) in paragraph at lines 271--271
 []\T1/pcr/m/n/10 eemd(sig, dt, trials, nimf, noise_amp, emd_config, trials_dir
=NULL)[] 
(/usr/share/texmf/tex/latex/psnfss/ts1ptm.fd) [6]
Overfull \hbox (4.38043pt too wide) in paragraph at lines 351--351
 []\T1/pcr/m/n/9 ## Not run: eemd(sig, dt, trials, nimf, noise_amp, emd_config,
 trials_dir)[] 
[7] (/usr/share/texmf/tex/latex/base/utf8.def)
Overfull \hbox (32.61868pt too wide) in paragraph at lines 387--391
\T1/ptm/m/n/10 and [][]\T1/pcr/m/n/10 hhspec_image[][][]\T1/ptm/m/n/10 . The av
-er-aged IMF set from \T1/pcr/m/n/10 eemd_compile \T1/ptm/m/n/10 can be re-sift
ed us-ing [][]\T1/pcr/m/n/10 eemd_resift[][][]\T1/ptm/m/n/10 . 
[8]
Overfull \hbox (4.38043pt too wide) in paragraph at lines 429--429
 []\T1/pcr/m/n/9 ## Not run: eemd(sig, dt, trials, nimf, noise_amp, emd_config,
 trials_dir)[] 
(/usr/share/texmf/tex/latex/base/utf8.def) [9] [10]
Overfull \hbox (4.38043pt too wide) in paragraph at lines 534--534
 []\T1/pcr/m/n/9 ## Not run: eemd(sig, dt, trials, nimf, noise_amp, emd_config,
 trials_dir)[] 

Overfull \hbox (9.78043pt too wide) in paragraph at lines 541--541
 []\T1/pcr/m/n/9 ## Not run: resift_result=eemd_resift(eemd_result, emd_config,
 resift_rule)[] 
(/usr/share/texmf/tex/latex/base/utf8.def) [11]
(/usr/share/texmf/tex/latex/base/utf8.def)
Overfull \hbox (30.13731pt too wide) in paragraph at lines 626--629
[]\T1/ptm/m/n/10 This func-tion dis-plays a Fourier spec-tro-gram us-ing the sa
me plot struc-ture and op-tions as [][]\T1/pcr/m/n/10 hhspec_image[][][]\T1/ptm
/m/n/10 .

Overfull \hbox (42.78088pt too wide) in paragraph at lines 633--633
 []\T1/pcr/m/n/10 ftspec_image(sig, dt, ft, time_span, freq_span, amp_span, amp
_units=NULL,[] 

Overfull \hbox (12.78088pt too wide) in paragraph at lines 634--634
 []     \T1/pcr/m/n/10 amp_unit_conversion=NULL, taper=0.05, grid=TRUE, colorba
r=TRUE,[] 

Overfull \hbox (12.78088pt too wide) in paragraph at lines 635--635
 []     \T1/pcr/m/n/10 backcol=c(0, 0, 0), colormap=NULL, pretty=TRUE, cex=1, m
ain="")[] 
[12]
Overfull \hbox (114.18835pt too wide) in paragraph at lines 660--661
[]\T1/ptm/m/n/10 What palette ob-ject to use for the spec-tro-gram, de-faults t
o \T1/pcr/m/n/10 rainbow(colorbins,start=0,end=5/6) 
[13] (/usr/share/texmf/tex/latex/base/utf8.def)
Overfull \hbox (24.78088pt too wide) in paragraph at lines 710--710
 []\T1/pcr/m/n/10 hhspec_image(hspec, time_span, freq_span, amp_span, cluster_s
pan=NULL,[] 

Overfull \hbox (6.78088pt too wide) in paragraph at lines 711--711
 []\T1/pcr/m/n/10 amp_units=NULL, amp_unit_conversion=NULL, grid=TRUE, colorbar
=TRUE,[] 

Overfull \hbox (114.18835pt too wide) in paragraph at lines 729--730
[]\T1/ptm/m/n/10 What palette ob-ject to use for the spec-tro-gram, de-faults t
o \T1/pcr/m/n/10 rainbow(colorbins,start=0,end=5/6) 
[14]
Overfull \hbox (4.38043pt too wide) in paragraph at lines 782--782
 []\T1/pcr/m/n/9 ## Not run: eemd(sig, dt, trials, nimf, noise_amp, emd_config,
 trials_dir)[] 
[15] (/usr/share/texmf/tex/latex/base/utf8.def) [16]
(/usr/share/texmf/tex/latex/base/utf8.def)
Overfull \hbox (30.31982pt too wide) in paragraph at lines 891--892
[]\T1/ptm/m/n/10 This is the out-put gen-er-ated by [][]\T1/pcr/m/n/10 eemd_com
pile[][][]\T1/ptm/m/n/10 , [][]\T1/pcr/m/n/10 eemd_resift[][][]\T1/ptm/m/n/10 ,
 or [][]\T1/pcr/m/n/10 hhtransform[][][]\T1/ptm/m/n/10 . 
[17]
Overfull \hbox (4.38043pt too wide) in paragraph at lines 950--950
 []\T1/pcr/m/n/9 ## Not run: eemd(sig, dt, trials, nimf, noise_amp, emd_config,
 trials_dir)[] 
(/usr/share/texmf/tex/latex/base/utf8.def) [18] [19]
Overfull \hbox (25.98041pt too wide) in paragraph at lines 1045--1045
 []\T1/pcr/m/n/9 plot_imfs(emd_result, time_span, imf_list, original_signal, re
sidue, fit_line)[] 
(/usr/share/texmf/tex/latex/base/utf8.def)
(/usr/share/texmf/tex/latex/base/utf8.def) [20]
Overfull \hbox (19.97913pt too wide) in paragraph at lines 1112--1113
[]\T1/ptm/m/n/10 A data struc-ture for in-put into [][]\T1/pcr/m/n/10 eemd_comp
ile[][][]\T1/ptm/m/n/10 , [][]\T1/pcr/m/n/10 plot_imfs[][][]\T1/ptm/m/n/10 , an
d [][]\T1/pcr/m/n/10 hhtransform[][][]\T1/ptm/m/n/10 . 
[21] (./Rd2.ind [22] [23]) (./Rd2.aux) )
(see the transcript file for additional information){/usr/share/texmf/fonts/enc
/dvips/base/8r.enc}</usr/share/texmf/fonts/type1/bluesky/cm/cmsy10.pfb></usr/sh
are/texmf/fonts/type1/urw/courier/ucrr8a.pfb></usr/share/texmf/fonts/type1/urw/
helvetic/uhvr8a.pfb></usr/share/texmf/fonts/type1/urw/times/utmb8a.pfb></usr/sh
are/texmf/fonts/type1/urw/times/utmr8a.pfb></usr/share/texmf/fonts/type1/urw/ti
mes/utmr8a.pfb></usr/share/texmf/fonts/type1/urw/times/utmri8a.pfb>
Output written on Rd2.pdf (23 pages, 173032 bytes).
Transcript written on Rd2.log.
Saving output to 'hht-manual.pdf' ...
Done
You may want to clean up by 'rm -rf /tmp/RtmpUHiScO/Rd2pdf5b9b7afb06e6'
